<?xml version="1.0" encoding="UTF-8"?>
<!-- Generated by org.testng.reporters.JUnitReportReporter -->
<testsuite skipped="0" hostname="DESKTOP-LTCNF9N" name="GetRequest.Get_Request" tests="3" failures="0" timestamp="29 Apr 2019 11:43:55 GMT" time="1.080" errors="0">
  <testcase name="GetuserDetails" time="0.025" classname="GetRequest.Get_Request"/>
  <testcase name="GetResponseBody" time="1.026" classname="GetRequest.Get_Request"/>
  <testcase name="GetUser" time="0.029" classname="GetRequest.Get_Request"/>
</testsuite> <!-- GetRequest.Get_Request -->
